<!DOCTYPE html>
<html>
<head>
<meta http-equiv="Content-Type" content="text/html; charset=utf-8"/>
<meta http-equiv="x-ua-compatible" content="IE=edge"/>
<title>Test results - EmployeeControllerIntegrationTest</title>
<link href="../css/base-style.css" rel="stylesheet" type="text/css"/>
<link href="../css/style.css" rel="stylesheet" type="text/css"/>
<script src="../js/report.js" type="text/javascript"></script>
</head>
<body>
<div id="content">
<h1>EmployeeControllerIntegrationTest</h1>
<div class="breadcrumbs">
<a href="../index.html">all</a> &gt; 
<a href="../packages/com.example.rqchallenge.employees.intergation.html">com.example.rqchallenge.employees.intergation</a> &gt; EmployeeControllerIntegrationTest</div>
<div id="summary">
<table>
<tr>
<td>
<div class="summaryGroup">
<table>
<tr>
<td>
<div class="infoBox" id="tests">
<div class="counter">7</div>
<p>tests</p>
</div>
</td>
<td>
<div class="infoBox" id="failures">
<div class="counter">0</div>
<p>failures</p>
</div>
</td>
<td>
<div class="infoBox" id="ignored">
<div class="counter">0</div>
<p>ignored</p>
</div>
</td>
<td>
<div class="infoBox" id="duration">
<div class="counter">5.527s</div>
<p>duration</p>
</div>
</td>
</tr>
</table>
</div>
</td>
<td>
<div class="infoBox success" id="successRate">
<div class="percent">100%</div>
<p>successful</p>
</div>
</td>
</tr>
</table>
</div>
<div id="tabs">
<ul class="tabLinks">
<li>
<a href="#tab0">Tests</a>
</li>
<li>
<a href="#tab1">Standard output</a>
</li>
<li>
<a href="#tab2">Standard error</a>
</li>
</ul>
<div id="tab0" class="tab">
<h2>Tests</h2>
<table>
<thead>
<tr>
<th>Test</th>
<th>Duration</th>
<th>Result</th>
</tr>
</thead>
<tr>
<td class="success">testCreateEmployee()</td>
<td class="success">0.413s</td>
<td class="success">passed</td>
</tr>
<tr>
<td class="success">testDeleteEmployee()</td>
<td class="success">2.934s</td>
<td class="success">passed</td>
</tr>
<tr>
<td class="success">testGetAllEmployees()</td>
<td class="success">0.442s</td>
<td class="success">passed</td>
</tr>
<tr>
<td class="success">testGetEmployeeById()</td>
<td class="success">0.429s</td>
<td class="success">passed</td>
</tr>
<tr>
<td class="success">testGetEmployeeByName()</td>
<td class="success">0.436s</td>
<td class="success">passed</td>
</tr>
<tr>
<td class="success">testHighestSalary()</td>
<td class="success">0.436s</td>
<td class="success">passed</td>
</tr>
<tr>
<td class="success">testTopTenEmployees()</td>
<td class="success">0.437s</td>
<td class="success">passed</td>
</tr>
</table>
</div>
<div id="tab1" class="tab">
<h2>Standard output</h2>
<span class="code">
<pre>22:33:58.857 [Test worker] DEBUG org.springframework.test.context.BootstrapUtils - Instantiating CacheAwareContextLoaderDelegate from class [org.springframework.test.context.cache.DefaultCacheAwareContextLoaderDelegate]
22:33:58.882 [Test worker] DEBUG org.springframework.test.context.BootstrapUtils - Instantiating BootstrapContext using constructor [public org.springframework.test.context.support.DefaultBootstrapContext(java.lang.Class,org.springframework.test.context.CacheAwareContextLoaderDelegate)]
22:33:58.965 [Test worker] DEBUG org.springframework.test.context.BootstrapUtils - Instantiating TestContextBootstrapper for test class [com.example.rqchallenge.employees.intergation.EmployeeControllerIntegrationTest] from class [org.springframework.boot.test.context.SpringBootTestContextBootstrapper]
22:33:58.990 [Test worker] INFO org.springframework.boot.test.context.SpringBootTestContextBootstrapper - Neither @ContextConfiguration nor @ContextHierarchy found for test class [com.example.rqchallenge.employees.intergation.EmployeeControllerIntegrationTest], using SpringBootContextLoader
22:33:58.995 [Test worker] DEBUG org.springframework.test.context.support.AbstractContextLoader - Did not detect default resource location for test class [com.example.rqchallenge.employees.intergation.EmployeeControllerIntegrationTest]: class path resource [com/example/rqchallenge/employees/intergation/EmployeeControllerIntegrationTest-context.xml] does not exist
22:33:58.995 [Test worker] DEBUG org.springframework.test.context.support.AbstractContextLoader - Did not detect default resource location for test class [com.example.rqchallenge.employees.intergation.EmployeeControllerIntegrationTest]: class path resource [com/example/rqchallenge/employees/intergation/EmployeeControllerIntegrationTestContext.groovy] does not exist
22:33:58.996 [Test worker] INFO org.springframework.test.context.support.AbstractContextLoader - Could not detect default resource locations for test class [com.example.rqchallenge.employees.intergation.EmployeeControllerIntegrationTest]: no resource found for suffixes {-context.xml, Context.groovy}.
22:33:59.064 [Test worker] DEBUG org.springframework.test.context.support.ActiveProfilesUtils - Could not find an 'annotation declaring class' for annotation type [org.springframework.test.context.ActiveProfiles] and class [com.example.rqchallenge.employees.intergation.EmployeeControllerIntegrationTest]
22:33:59.327 [Test worker] DEBUG org.springframework.boot.test.context.SpringBootTestContextBootstrapper - @TestExecutionListeners is not present for class [com.example.rqchallenge.employees.intergation.EmployeeControllerIntegrationTest]: using defaults.
22:33:59.328 [Test worker] INFO org.springframework.boot.test.context.SpringBootTestContextBootstrapper - Loaded default TestExecutionListener class names from location [META-INF/spring.factories]: [org.springframework.boot.test.autoconfigure.restdocs.RestDocsTestExecutionListener, org.springframework.boot.test.autoconfigure.web.client.MockRestServiceServerResetTestExecutionListener, org.springframework.boot.test.autoconfigure.web.servlet.MockMvcPrintOnlyOnFailureTestExecutionListener, org.springframework.boot.test.autoconfigure.web.servlet.WebDriverTestExecutionListener, org.springframework.boot.test.autoconfigure.webservices.client.MockWebServiceServerTestExecutionListener, org.springframework.boot.test.mock.mockito.MockitoTestExecutionListener, org.springframework.boot.test.mock.mockito.ResetMocksTestExecutionListener, org.springframework.test.context.web.ServletTestExecutionListener, org.springframework.test.context.support.DirtiesContextBeforeModesTestExecutionListener, org.springframework.test.context.event.ApplicationEventsTestExecutionListener, org.springframework.test.context.support.DependencyInjectionTestExecutionListener, org.springframework.test.context.support.DirtiesContextTestExecutionListener, org.springframework.test.context.transaction.TransactionalTestExecutionListener, org.springframework.test.context.jdbc.SqlScriptsTestExecutionListener, org.springframework.test.context.event.EventPublishingTestExecutionListener]
22:33:59.355 [Test worker] DEBUG org.springframework.boot.test.context.SpringBootTestContextBootstrapper - Skipping candidate TestExecutionListener [org.springframework.test.context.transaction.TransactionalTestExecutionListener] due to a missing dependency. Specify custom listener classes or make the default listener classes and their required dependencies available. Offending class: [org/springframework/transaction/interceptor/TransactionAttributeSource]
22:33:59.356 [Test worker] DEBUG org.springframework.boot.test.context.SpringBootTestContextBootstrapper - Skipping candidate TestExecutionListener [org.springframework.test.context.jdbc.SqlScriptsTestExecutionListener] due to a missing dependency. Specify custom listener classes or make the default listener classes and their required dependencies available. Offending class: [org/springframework/transaction/interceptor/TransactionAttribute]
22:33:59.357 [Test worker] INFO org.springframework.boot.test.context.SpringBootTestContextBootstrapper - Using TestExecutionListeners: [org.springframework.test.context.web.ServletTestExecutionListener@40e4ea87, org.springframework.test.context.support.DirtiesContextBeforeModesTestExecutionListener@58783f6c, org.springframework.test.context.event.ApplicationEventsTestExecutionListener@3a7b503d, org.springframework.boot.test.mock.mockito.MockitoTestExecutionListener@512d92b, org.springframework.boot.test.autoconfigure.SpringBootDependencyInjectionTestExecutionListener@62c5bbdc, org.springframework.test.context.support.DirtiesContextTestExecutionListener@7bdf6bb7, org.springframework.test.context.event.EventPublishingTestExecutionListener@1bc53649, org.springframework.boot.test.autoconfigure.restdocs.RestDocsTestExecutionListener@88d6f9b, org.springframework.boot.test.autoconfigure.web.client.MockRestServiceServerResetTestExecutionListener@47d93e0d, org.springframework.boot.test.autoconfigure.web.servlet.MockMvcPrintOnlyOnFailureTestExecutionListener@475b7792, org.springframework.boot.test.autoconfigure.web.servlet.WebDriverTestExecutionListener@751e664e, org.springframework.boot.test.autoconfigure.webservices.client.MockWebServiceServerTestExecutionListener@160c3ec1, org.springframework.boot.test.mock.mockito.ResetMocksTestExecutionListener@182b435b]
22:33:59.363 [Test worker] DEBUG org.springframework.test.context.support.AbstractDirtiesContextTestExecutionListener - Before test class: context [DefaultTestContext@7bd69e82 testClass = EmployeeControllerIntegrationTest, testInstance = [null], testMethod = [null], testException = [null], mergedContextConfiguration = [WebMergedContextConfiguration@74d7184a testClass = EmployeeControllerIntegrationTest, locations = '{}', classes = '{class com.example.rqchallenge.employees.RqChallengeApplication}', contextInitializerClasses = '[]', activeProfiles = '{}', propertySourceLocations = '{}', propertySourceProperties = '{org.springframework.boot.test.context.SpringBootTestContextBootstrapper=true, server.port=0}', contextCustomizers = set[org.springframework.boot.test.autoconfigure.actuate.metrics.MetricsExportContextCustomizerFactory$DisableMetricExportContextCustomizer@71b3bc45, org.springframework.boot.test.autoconfigure.properties.PropertyMappingContextCustomizer@0, org.springframework.boot.test.autoconfigure.web.servlet.WebDriverContextCustomizerFactory$Customizer@3e34ace1, org.springframework.boot.test.context.filter.ExcludeFilterContextCustomizer@47404bea, org.springframework.boot.test.json.DuplicateJsonObjectContextCustomizerFactory$DuplicateJsonObjectContextCustomizer@6cbcf243, org.springframework.boot.test.mock.mockito.MockitoContextCustomizer@0, org.springframework.boot.test.web.client.TestRestTemplateContextCustomizer@7829b776, org.springframework.boot.test.context.SpringBootTestArgs@1, org.springframework.boot.test.context.SpringBootTestWebEnvironment@1187c9e8], resourceBasePath = 'src/main/webapp', contextLoader = 'org.springframework.boot.test.context.SpringBootContextLoader', parent = [null]], attributes = map['org.springframework.test.context.web.ServletTestExecutionListener.activateListener' -&gt; false]], class annotated with @DirtiesContext [false] with mode [null].
22:34:00.008 [Test worker] DEBUG org.springframework.test.context.support.DependencyInjectionTestExecutionListener - Performing dependency injection for test context [[DefaultTestContext@7bd69e82 testClass = EmployeeControllerIntegrationTest, testInstance = com.example.rqchallenge.employees.intergation.EmployeeControllerIntegrationTest@5b12012e, testMethod = [null], testException = [null], mergedContextConfiguration = [WebMergedContextConfiguration@74d7184a testClass = EmployeeControllerIntegrationTest, locations = '{}', classes = '{class com.example.rqchallenge.employees.RqChallengeApplication}', contextInitializerClasses = '[]', activeProfiles = '{}', propertySourceLocations = '{}', propertySourceProperties = '{org.springframework.boot.test.context.SpringBootTestContextBootstrapper=true, server.port=0}', contextCustomizers = set[org.springframework.boot.test.autoconfigure.actuate.metrics.MetricsExportContextCustomizerFactory$DisableMetricExportContextCustomizer@71b3bc45, org.springframework.boot.test.autoconfigure.properties.PropertyMappingContextCustomizer@0, org.springframework.boot.test.autoconfigure.web.servlet.WebDriverContextCustomizerFactory$Customizer@3e34ace1, org.springframework.boot.test.context.filter.ExcludeFilterContextCustomizer@47404bea, org.springframework.boot.test.json.DuplicateJsonObjectContextCustomizerFactory$DuplicateJsonObjectContextCustomizer@6cbcf243, org.springframework.boot.test.mock.mockito.MockitoContextCustomizer@0, org.springframework.boot.test.web.client.TestRestTemplateContextCustomizer@7829b776, org.springframework.boot.test.context.SpringBootTestArgs@1, org.springframework.boot.test.context.SpringBootTestWebEnvironment@1187c9e8], resourceBasePath = 'src/main/webapp', contextLoader = 'org.springframework.boot.test.context.SpringBootContextLoader', parent = [null]], attributes = map['org.springframework.test.context.web.ServletTestExecutionListener.activateListener' -&gt; false, 'org.springframework.test.context.event.ApplicationEventsTestExecutionListener.recordApplicationEvents' -&gt; false]]].
22:34:00.088 [Test worker] DEBUG org.springframework.boot.ApplicationServletEnvironment - Activating profiles []
22:34:00.089 [Test worker] DEBUG org.springframework.test.context.support.TestPropertySourceUtils - Adding inlined properties to environment: {spring.jmx.enabled=false, org.springframework.boot.test.context.SpringBootTestContextBootstrapper=true, server.port=0}

  .   ____          _            __ _ _
 /\\ / ___'_ __ _ _(_)_ __  __ _ \ \ \ \
( ( )\___ | '_ | '_| | '_ \/ _` | \ \ \ \
 \\/  ___)| |_)| | | | | || (_| |  ) ) ) )
  '  |____| .__|_| |_|_| |_\__, | / / / /
 =========|_|==============|___/=/_/_/_/
 :: Spring Boot ::                (v2.6.1)

2024-05-25 22:34:00.637  WARN 89992 --- [    Test worker] ory$DuplicateJsonObjectContextCustomizer : 

Found multiple occurrences of org.json.JSONObject on the class path:

	jar:file:/E:/Gradle/gradle-7.6/caches/modules-2/files-2.1/org.json/json/20240303/ebb88e8fb5122b7506d5cf1d69f1ccdb790d22a/json-20240303.jar!/org/json/JSONObject.class
	jar:file:/E:/Gradle/gradle-7.6/caches/modules-2/files-2.1/com.vaadin.external.google/android-json/0.0.20131108.vaadin1/fa26d351fe62a6a17f5cda1287c1c6110dec413f/android-json-0.0.20131108.vaadin1.jar!/org/json/JSONObject.class

You may wish to exclude one of them to ensure predictable runtime behavior

2024-05-25 22:34:00.657  INFO 89992 --- [    Test worker] .r.e.i.EmployeeControllerIntegrationTest : Starting EmployeeControllerIntegrationTest using Java 11.0.9.1 on punr740-17-vm2 with PID 89992 (started by Administrator in E:\rq\java-employee-challenge)
2024-05-25 22:34:00.657  INFO 89992 --- [    Test worker] .r.e.i.EmployeeControllerIntegrationTest : No active profile set, falling back to default profiles: default
2024-05-25 22:34:03.603  INFO 89992 --- [    Test worker] o.s.b.w.embedded.tomcat.TomcatWebServer  : Tomcat initialized with port(s): 0 (http)
2024-05-25 22:34:03.629  INFO 89992 --- [    Test worker] o.apache.catalina.core.StandardService   : Starting service [Tomcat]
2024-05-25 22:34:03.630  INFO 89992 --- [    Test worker] org.apache.catalina.core.StandardEngine  : Starting Servlet engine: [Apache Tomcat/9.0.55]
2024-05-25 22:34:03.856  INFO 89992 --- [    Test worker] o.a.c.c.C.[Tomcat].[localhost].[/]       : Initializing Spring embedded WebApplicationContext
2024-05-25 22:34:03.856  INFO 89992 --- [    Test worker] w.s.c.ServletWebServerApplicationContext : Root WebApplicationContext: initialization completed in 3162 ms
2024-05-25 22:34:05.924  INFO 89992 --- [    Test worker] o.s.b.w.embedded.tomcat.TomcatWebServer  : Tomcat started on port(s): 50613 (http) with context path ''
2024-05-25 22:34:05.937  INFO 89992 --- [    Test worker] .r.e.i.EmployeeControllerIntegrationTest : Started EmployeeControllerIntegrationTest in 5.845 seconds (JVM running for 8.848)
2024-05-25 22:34:07.381  INFO 89992 --- [o-auto-1-exec-1] o.a.c.c.C.[Tomcat].[localhost].[/]       : Initializing Spring DispatcherServlet 'dispatcherServlet'
2024-05-25 22:34:07.382  INFO 89992 --- [o-auto-1-exec-1] o.s.web.servlet.DispatcherServlet        : Initializing Servlet 'dispatcherServlet'
2024-05-25 22:34:07.384  INFO 89992 --- [o-auto-1-exec-1] o.s.web.servlet.DispatcherServlet        : Completed initialization in 2 ms
2024-05-25 22:34:07.464  INFO 89992 --- [o-auto-1-exec-1] c.e.r.employees.service.EmployeeService  : Deleting employee with id 1
2024-05-25 22:34:07.467  INFO 89992 --- [o-auto-1-exec-1] c.e.r.employees.service.EmployeeService  : Fetching all employees data.
2024-05-25 22:34:07.477  INFO 89992 --- [o-auto-1-exec-1] c.e.rqchallenge.employees.util.RestUtil  : Calling REST API : https://dummy.restapiexample.com/api/v1/employees
2024-05-25 22:34:08.756 ERROR 89992 --- [o-auto-1-exec-1] c.e.r.employees.service.EmployeeService  : Error occurred while retrieving employees
2024-05-25 22:34:08.756  INFO 89992 --- [o-auto-1-exec-1] c.e.r.employees.util.RawDataHelper       : Fetching raw data for getAllEmployee
2024-05-25 22:34:08.759 ERROR 89992 --- [o-auto-1-exec-1] c.e.r.employees.service.EmployeeService  : No employee found with the id 1
2024-05-25 22:34:08.896  INFO 89992 --- [o-auto-1-exec-2] c.e.r.employees.service.EmployeeService  : Fetching all the employees with the name GP
2024-05-25 22:34:08.896  INFO 89992 --- [o-auto-1-exec-2] c.e.r.employees.service.EmployeeService  : Fetching all employees data.
2024-05-25 22:34:08.896  INFO 89992 --- [o-auto-1-exec-2] c.e.rqchallenge.employees.util.RestUtil  : Calling REST API : https://dummy.restapiexample.com/api/v1/employees
2024-05-25 22:34:09.300 ERROR 89992 --- [o-auto-1-exec-2] c.e.r.employees.service.EmployeeService  : Error occurred while retrieving employees
2024-05-25 22:34:09.300  INFO 89992 --- [o-auto-1-exec-2] c.e.r.employees.util.RawDataHelper       : Fetching raw data for getAllEmployee
2024-05-25 22:34:09.303  INFO 89992 --- [o-auto-1-exec-2] c.e.r.employees.util.RawDataHelper       : Fetching raw data for getAllEmployee
2024-05-25 22:34:09.336  INFO 89992 --- [o-auto-1-exec-3] c.e.r.employees.service.EmployeeService  : Fetching data for employee id 1 
2024-05-25 22:34:09.337  INFO 89992 --- [o-auto-1-exec-3] c.e.rqchallenge.employees.util.RestUtil  : Calling REST API : https://dummy.restapiexample.com/api/v1/employee/1
2024-05-25 22:34:09.753 ERROR 89992 --- [o-auto-1-exec-3] c.e.r.employees.service.EmployeeService  : Error while retrieving employee by id 1
2024-05-25 22:34:09.826  INFO 89992 --- [o-auto-1-exec-4] c.e.r.employees.service.EmployeeService  : Creating employee object.
2024-05-25 22:34:09.826  INFO 89992 --- [o-auto-1-exec-4] c.e.rqchallenge.employees.util.RestUtil  : Calling REST API : https://dummy.restapiexample.com/api/v1/create
2024-05-25 22:34:10.172 ERROR 89992 --- [o-auto-1-exec-4] c.e.r.employees.service.EmployeeService  : Error occurred while creating employee object with name Test_rawdata
2024-05-25 22:34:10.186  INFO 89992 --- [o-auto-1-exec-5] c.e.r.employees.service.EmployeeService  : Fetching all employees data.
2024-05-25 22:34:10.187  INFO 89992 --- [o-auto-1-exec-5] c.e.rqchallenge.employees.util.RestUtil  : Calling REST API : https://dummy.restapiexample.com/api/v1/employees
2024-05-25 22:34:10.613 ERROR 89992 --- [o-auto-1-exec-5] c.e.r.employees.service.EmployeeService  : Error occurred while retrieving employees
2024-05-25 22:34:10.614  INFO 89992 --- [o-auto-1-exec-5] c.e.r.employees.util.RawDataHelper       : Fetching raw data for getAllEmployee
2024-05-25 22:34:10.634  INFO 89992 --- [o-auto-1-exec-6] c.e.r.employees.service.EmployeeService  : Fetching top 10 highest earning employees.
2024-05-25 22:34:10.635  INFO 89992 --- [o-auto-1-exec-6] c.e.rqchallenge.employees.util.RestUtil  : Calling REST API : https://dummy.restapiexample.com/api/v1/employees
2024-05-25 22:34:11.058 ERROR 89992 --- [o-auto-1-exec-6] c.e.r.employees.service.EmployeeService  : Error occurred while retrieving employees
2024-05-25 22:34:11.077  INFO 89992 --- [o-auto-1-exec-7] c.e.r.employees.service.EmployeeService  : Fetching the highest salary.
2024-05-25 22:34:11.077  INFO 89992 --- [o-auto-1-exec-7] c.e.r.employees.service.EmployeeService  : Fetching all employees data.
2024-05-25 22:34:11.078  INFO 89992 --- [o-auto-1-exec-7] c.e.rqchallenge.employees.util.RestUtil  : Calling REST API : https://dummy.restapiexample.com/api/v1/employees
2024-05-25 22:34:11.500 ERROR 89992 --- [o-auto-1-exec-7] c.e.r.employees.service.EmployeeService  : Error occurred while retrieving employees
2024-05-25 22:34:11.500  INFO 89992 --- [o-auto-1-exec-7] c.e.r.employees.util.RawDataHelper       : Fetching raw data for getAllEmployee
</pre>
</span>
</div>
<div id="tab2" class="tab">
<h2>Standard error</h2>
<span class="code">
<pre>[2024.05.25 22:33:59] (Coverage): Error during class instrumentation: org.springframework.http.client.HttpComponentsClientHttpRequestFactory: java.lang.RuntimeException: java.io.IOException: Class org/apache/http/client/protocol/HttpClientContext not found
[2024.05.25 22:34:00] (Coverage): Error during class instrumentation: org.springframework.boot.logging.log4j2.Log4J2LoggingSystem: java.lang.RuntimeException: java.io.IOException: Class org/apache/logging/log4j/core/config/composite/CompositeConfiguration not found
</pre>
</span>
</div>
</div>
<div id="footer">
<p>
<div>
<label class="hidden" id="label-for-line-wrapping-toggle" for="line-wrapping-toggle">Wrap lines
<input id="line-wrapping-toggle" type="checkbox" autocomplete="off"/>
</label>
</div>Generated by 
<a href="http://www.gradle.org">Gradle 7.3.1</a> at May 25, 2024, 10:34:12 PM</p>
</div>
</div>
</body>
</html>
